1 30.1
2 30.1
3 30.2
4 30.1
5 30.1
6 30.1
7 30.1
8 30.1
9 30.1
10 30.1
11 30.1
12 30.1
13 30.1
14 30.1
15 30.1
16 30.1
17 30.1
18 30.1
19 30.1
20 30.1
21 30.1
22 30.1
23 30.1
24 30.1
25 30.1
26 30.1
27 30.1
28 30.1
29 30.1
30 30.1
31 Net
32 Net
33 Net
34 Net
37 90.2
38 90.3
39 90.3
40 91.8
41 90.8
42 90.3
43 90.3
44 90.3
45 90.2
46 90.2
47 90.3
48 93.3
49 90.3
50 90.2
51 90.2
52 90.2
53 90.2
54 90.2
55 90.2
56 90.2
57 90.2
58 90.2
59 90.7
60 90.3
61 90.2
62 90.2
63 90.2
64 92.8
65 90.2
66 90.4
67 90.2
68 90.2
69 90.3
70 90.2
71 90.2
72 90.2
75 30.1
76 30.1
77 30.1
78 30.1
79 30.1
80 30.1
81 30.1
82 30.1
83 30.1
84 30.1
85 30.1
86 30.1
87 30.6
88 30.1
89 30.1
90 30.1
91 30.1
121 30.9
122 30.1
123 30.1
124 30.1
125 30.1
126 30.1
127 30.1
128 30.1
129 30.1
130 30.1
131 30.1
132 30.1
133 30.1
134 30.1
135 30.1
136 34.4
137 30.1
138 30.1
139 30.1
140 30.1
141 30.1
142 30.1
143 30.1
144 30.1
145 30.2
146 30.1
147 30.1
148 30.1
149 30.1
150 30.1
151 30.1
152 30.1
153 30.1
154 30.1
155 30.1
156 30.1
157 30.1
158 30.1
159 30.1
160 30.1
161 30.1
162 30.1
163 30.1
164 30.1
165 30.1
166 30.1
167 30.1
168 30.1
169 30.1
170 30.1
171 30.1
172 30.1
173 30.1
174 30.6
175 30.1
176 30.1
177 30.1
178 30.1
179 30.1
180 30.1
181 30.1
182 30.1
183 30.1
184 30.1
185 30.1
186 30.1
187 30.1
188 30.1
189 31.0
190 30.1
191 30.1
192 30.1
193 30.1
194 30.1
195 30.1
196 30.1
197 30.1
198 30.1
199 30.1
200 30.1
201 30.1
202 30.1
203 30.1
204 30.1
205 30.1
206 30.1
207 30.1
208 30.1
209 30.1
210 30.1
211 30.1
212 30.1
213 30.1
214 30.1
215 30.1
216 30.1
217 30.1
218 30.1
219 30.2
220 30.1
221 30.1
222 30.1
223 30.1
224 30.1
225 30.1
226 30.1
227 30.1
228 30.1
229 30.1
230 30.2
231 30.1
232 30.1
233 30.2
234 30.1
235 30.1
236 30.1
237 30.3
238 30.1
239 30.3
240 30.1
241 30.2
242 31.4
243 30.1
244 30.1
245 30.1
246 30.1
247 30.2
248 30.1
249 30.1
250 30.1
251 30.1
252 30.1
253 30.3
254 30.1
255 30.1
256 30.1
257 30.1
258 30.1
259 30.1
260 30.1
261 30.1
262 30.1
263 30.1
264 30.1
265 30.1
266 30.1
267 30.1
268 30.1
269 30.1
270 30.1
271 30.1
272 30.2
273 30.1
274 30.2
275 30.2
276 30.1
277 30.1
278 30.1
279 37.4
280 30.1
281 30.1
282 30.7
283 30.1
284 30.2
285 30.1
286 30.1
287 30.1
288 30.2
289 30.1
290 37.2
291 30.2
292 30.2
293 30.1
294 30.2
295 30.2
296 30.1
297 30.1
298 30.1
299 30.1
300 30.1
 
 
 
30.108/38.498/93.380/20.724 
