1 30.078
2 30.109
3 30.084
4 30.082
5 30.087
6 30.112
7 30.088
8 30.12
9 30.079
10 30.084
11 30.091
12 30.127
18 30.116
19 30.12
20 30.125
21 30.121
22 30.123
23 30.127
24 30.107
25 30.129
26 30.194
27 30.108
28 30.118
29 30.103
30 30
31 30.133
32 30.125
33 30.109
34 30.114
35 30.109
36 30.495
37 30.129
38 30.126
40 30.107
41 30.111
42 30.114
43 30.129
44 30.12
45 30.122
46 30.121
47 30.125
48 30.217
49 30.148
50 30.116
51 34.36
52 30.118
53 30.134
54 30.109
55 30.14
56 30.121
57 30.141
58 30.165
59 30.127
60 30.124
61 30.1
62 30.118
63 30.136
64 30.113
65 30.118
66 30.127
67 30.154
68 30.128
69 30.133
70 30.125
71 30.113
72 30.112
73 30.136
74 30.129
75 30.173
76 30.108
77 30.118
78 30.115
79 30.117
80 30.135
81 30.131
82 30.141
83 30.112
84 30.116
85 30.111
86 30.132
87 30.108
88 30.12
89 30.118
90 30.126
91 30.117
92 30.133
93 30.159
94 30.115
95 30.108
96 30.099
97 30.124
98 30.125
99 30.125
100 30.125
 30
 30
 30
0.078/0.170/4.368/0.440 30
