1 30.278
2 30.074
3 30.075
4 30.069
5 30.064
6 30.062
7 30.065
8 30.07
9 30.074
10 30.064
11 30.081
12 30.077
13 30.072
14 30.074
15 30.075
16 30.072
17 30.105
18 30.075
19 30.077
20 30.074
29 120.2
30 120.4
31 120.1
32 120.1
33 120.1
34 120.3
35 120.4
36 120.2
37 120.1
38 120.2
39 120.1
40 120.2
41 120.1
42 120.1
43 120.1
44 120.1
45 120.1
46 120.1
47 120.1
48 120.1
49 120.1
50 120.1
51 120.1
52 120.5
53 120.1
54 120.1
55 120.1
56 120.1
57 120.3
58 120.4
59 120.1
60 120.1
61 120.2
62 120.2
63 120.1
64 120.2
65 120.1
66 120.2
67 120.1
68 120.1
69 120.2
70 120.2
71 120.1
72 120.1
73 120.1
74 120.2
75 120.1
76 120.2
77 120.1
78 120.1
79 120.1
80 120.2
81 120.2
82 120.1
83 120.1
84 120.2
85 120.1
86 120.1
87 120.1
88 120.1
89 120.1
90 120.1
91 120.1
92 120.1
93 120.1
94 120.1
95 120.1
96 120.1
97 120.1
98 120.1
99 120.1
100 120.2
 30
 30
 30
0.062/70.617/90.507/37.175 30
