1 30.302
2 30.081
3 30.081
4 30.068
5 30.072
6 30.069
7 30.066
8 30.067
9 30.065
10 30.063
11 30.074
12 30.059
13 30.07
14 30.071
15 30.069
16 30.075
17 30.081
18 30.08
19 30.083
27 120.5
28 120.2
29 120.2
30 120.2
31 120.2
32 120.2
33 120.2
34 120.2
35 120.2
36 120.1
37 121.2
38 120.1
39 120.2
40 120.2
41 120.2
42 120.1
43 120.1
44 124.7
45 120.1
46 120.2
47 120.1
48 120.2
49 120.1
50 120.2
51 120.2
52 120.1
53 120.1
54 120.2
55 120.2
56 120.1
57 120.2
58 120.1
59 120.1
60 120.1
61 120.1
62 120.1
63 120.1
64 120.3
65 120.2
66 120.1
67 120.1
68 120.1
69 120.1
70 120.1
71 120.3
72 120.1
73 120.1
74 120.1
75 120.1
76 120.1
77 120.1
78 120.8
79 120.1
80 120.1
81 120.2
82 120.1
83 120.1
84 120.1
85 120.1
86 120.1
87 120.1
88 120.1
89 120.1
90 120.3
91 120.1
92 120.1
93 120.1
94 120.1
95 120.1
96 120.1
97 120.2
98 120.3
99 120.1
100 120.1
 30
 30
 30
0.059/71.864/94.719/36.374 30
