1 30.223
2 30.085
3 30.078
4 30.085
5 30.091
6 30.082
7 30.084
8 30.082
9 30.08
10 30.075
11 30.08
12 30.075
13 30.073
14 30.068
15 30.068
16 30.065
17 30.07
18 30.074
19 30.076
20 30.068
21 30.07
22 30.082
23 30.073
24 30.068
25 30.082
26 30.265
27 30.078
28 30.077
29 30.084
30 30.079
31 30.083
32 30.08
33 30.081
34 30.074
35 30.077
36 30.071
37 30.085
38 30.078
39 30.075
40 30.08
41 30.081
42 30.079
43 30.084
44 30.082
45 30.075
46 30.074
47 30.078
48 30.081
49 30.082
50 30.082
51 30.082
52 30.077
53 30.079
54 30.076
55 30.08
56 30.071
57 30.066
58 30.063
59 30.065
60 30.07
61 30.069
62 30.067
63 30.073
64 30.065
65 30.063
66 30.079
67 30.066
68 30.085
69 30.069
70 30.086
71 30.074
72 30.082
73 30.08
74 30.069
75 30.078
76 30.066
77 30.079
78 30.079
79 30.069
80 30.074
81 30.084
82 30.085
83 30.074
84 30.083
85 30.082
86 30.077
87 30.081
88 30.079
89 30.081
90 30.075
91 30.082
92 30.087
93 30.081
94 30.082
95 30.078
96 30.072
97 30.069
98 30.064
99 30.066
100 30.066
 30
 30
 30
0.063/0.079/0.265/0.026 30
