1 60.9
2 30.1
3 30.1
4 30.1
5 38.4
6 30.9
7 30.1
8 30.1
9 41.4
10 30.1
11 35.5
12 30.1
13 30.1
14 30.1
15 31.9
16 30.3
17 30.7
18 30.1
19 30.1
20 30.2
21 30.1
22 30.1
23 30.6
24 30.1
25 33.0
26 30.8
27 30.1
28 30.1
29 31.4
30 30.1
37 116
38 124
39 124
40 128
41 122
42 121
43 125
44 124
45 142
46 122
47 122
48 120
49 129
50 133
51 121
52 133
53 122
54 121
55 120
56 121
57 132
58 120
59 122
60 122
61 124
62 120
63 120
64 130
65 122
66 127
67 120
68 126
69 120
70 120
71 125
72 120
73 120
74 127
75 122
76 120
77 128
78 125
79 121
80 120
81 120
82 126
83 121
84 120
85 121
86 120
87 121
88 120
89 124
90 120
91 122
92 123
93 121
94 122
95 124
96 121
97 120
98 124
99 121
100 123
 
 
 
30.152/95.486/216.876/44.548 
