1 30.618
2 30.199
3 30.188
4 30.199
5 30.195
6 30.167
7 30.413
8 30.15
9 30.164
10 30.217
11 30.174
12 30.33
13 30.183
14 30.304
15 30.172
16 30.173
17 30.369
18 30.169
19 30.164
20 30.166
21 30.19
22 30.271
23 30.15
24 30.185
25 30.198
26 30.185
27 31.26
28 30.186
29 30.164
30 30.181
31 30.253
32 30.172
33 30.195
34 30.159
35 30.156
36 30.162
37 30.178
38 30.186
39 30.176
40 30.183
41 30.176
42 30.172
43 30.857
44 30.19
45 30.218
46 30.176
47 30.173
48 30.173
49 30.155
50 30.175
51 30.19
52 30.189
53 30.179
54 30.165
55 30.183
56 30.179
57 30.423
58 30.192
59 30.171
60 30.176
61 30.164
62 30.175
63 30.199
64 30.172
65 30.172
66 30.2
67 30.165
68 30.31
69 30.173
70 30.164
71 30.415
72 30.172
73 30.172
74 30.177
184 30.173
185 32.63
186 30.173
187 30.186
188 30.177
189 30.145
190 30.182
191 30.17
192 30.152
193 30.178
194 30.155
195 31.95
196 30.182
197 30.172
198 30.169
199 30.171
200 30.186
201 30.147
202 30.267
203 30.166
204 30.169
205 30.16
206 30.235
207 30.236
208 30.255
209 30.178
210 30.188
292 30.434
293 30.181
294 30.183
295 30.188
296 30.184
297 30.198
298 30.17
299 30.185
300 30.179
0.145/0.253/2.635/0.313 30
