1 30.487
2 30.082
3 30.086
4 30.091
5 30.086
6 30.099
7 30.074
8 30.086
9 30.086
10 30.107
11 30.078
12 30.091
13 30.079
14 30.081
15 30.094
16 30.1
47 33.04
48 30.114
49 30.105
50 30.11
51 30.329
52 30.071
53 30.125
54 30.103
55 30.111
56 30.12
57 30.114
58 30.099
59 30.112
60 30.131
61 31.3
62 31.58
63 30.172
64 30.115
65 30.112
66 30.108
67 30.129
68 30.106
69 30.138
70 30.113
71 30.101
72 30.321
73 30.106
74 30.116
75 30.115
76 30.126
77 30.109
78 30.111
79 30.118
80 30.136
81 30.114
82 30.135
83 30.129
84 30.128
85 30.124
86 30.164
87 30.128
88 30.118
89 30.126
90 30.122
91 30.111
92 30.114
93 30.126
94 30.112
95 30.126
96 30.119
97 30.113
98 30.136
99 30.112
100 30.117
101 30.164
102 30.148
103 30.157
104 30.177
105 30.16
106 30.203
107 30.153
108 30.159
109 30.151
110 30.162
111 30.185
112 30.18
113 30.167
114 30.144
115 30.142
116 30.169
117 30.14
118 30.165
119 30.175
120 30.17
121 30.202
122 30.173
123 30.182
124 30.172
125 30.169
126 30.157
127 30.157
128 30.23
129 30.173
130 30.166
131 30.171
132 30.188
133 30.15
134 30.161
135 30.142
136 30.162
137 30.171
138 30.168
139 30.184
140 30.165
141 30.174
142 30.176
143 30.244
144 30.171
145 30.151
146 30.151
147 30.16
148 30.16
149 30.149
150 30.154
151 30.154
152 30.178
153 30.185
154 30.167
155 30.2
156 30.153
157 30.153
158 30.427
159 30.176
160 30.172
161 30.167
162 30.183
163 30.2
164 30.173
165 30.186
166 30.182
167 30.176
168 30.161
169 30.137
170 30.195
171 30.169
172 30.409
173 30.196
174 30.175
175 30.178
176 30.166
177 30.175
178 30.157
179 30.161
180 30.167
181 30.145
182 30.165
183 30.176
184 30.2
185 30.16
186 30.149
187 30.178
188 30.171
189 30.154
190 30.163
191 30.166
192 30.177
193 30.187
194 30.191
195 30.172
196 30.184
197 30.146
198 30.185
199 30.149
200 30.165
201 30.106
202 30.086
203 30.101
204 30.107
205 30.099
206 30.105
207 30.09
208 30.095
209 30.092
210 30.091
211 30.092
212 30.118
213 30.097
214 30.095
215 30.099
216 30.111
217 30.151
218 30.092
219 30.105
220 30.106
221 30.108
222 30.107
223 30.148
224 30.104
225 30.09
226 30.092
227 30.107
228 30.109
229 30.089
230 30.092
231 30.103
232 30.108
233 30.093
234 30.097
235 30.106
236 30.107
237 30.108
238 30.102
239 30.093
240 30.099
241 30.124
242 30.096
243 30.103
244 30.092
245 30.091
246 30.102
247 30.093
248 30.129
249 30.129
250 30.102
251 30.085
252 30.086
253 30.097
254 30.097
255 30.1
256 30.125
257 30.088
258 31.67
259 30.086
260 30.104
261 30.098
262 30.103
263 30.106
264 30.102
265 30.269
266 30.104
267 30.137
268 30.088
269 30.094
270 30.102
271 30.105
272 30.095
273 30.099
274 30.103
275 30.106
276 30.091
277 30.099
278 30.117
279 30.103
280 30.096
281 30.093
282 30.12
283 30.59
284 30.094
285 30.529
286 30.115
287 30.094
288 30.11
289 30.114
290 30.104
291 30.109
292 30.111
293 30.104
294 30.107
295 30.084
296 30.13
297 30.097
298 30.091
299 30.104
300 30.092
 30
