1 32.413
2 32.137
3 32.135
4 32.131
5 32.13
6 32.125
7 32.212
8 32.132
9 32.192
10 32
11 32
12 32
13 32
52 32
58 32.532
59 32.619
60 32.159
61 32.177
62 32.386
63 32.161
64 32.247
65 32.154
66 32.181
67 32.154
68 32.147
69 32.186
70 32.15
71 32.165
72 32.151
73 32.175
74 32.182
75 32.205
76 32.159
77 32.159
78 32.209
79 32.155
80 32.151
81 32.275
82 32.143
83 32.162
84 32.162
85 32.166
86 32.157
87 32.161
88 32.154
89 33.1
90 32.17
91 32.169
92 32.15
93 32.168
94 32.175
95 32.84
96 32.164
97 32.155
98 32.159
99 32.171
100 32.164
101 32.164
102 32.148
103 32.157
104 32.177
105 32.16
106 32.203
107 32.153
108 32.159
109 32.151
110 32.162
111 32.185
112 32.18
113 32.167
114 32.144
115 32.142
116 32.169
117 32.14
118 32.165
119 32.175
120 32.17
121 32.202
122 32.173
123 32.182
124 32.172
125 32.169
126 32.157
127 32.157
128 32.23
129 32.173
130 32.166
131 32.171
132 32.188
133 32.15
134 32.161
135 32.142
136 32.162
137 32.171
138 32.168
139 32.184
140 32.165
141 32.174
142 32.176
143 32.244
144 32.171
145 32.151
146 32.151
147 32.16
148 32.16
149 32.149
150 32.154
151 32.154
152 32.178
153 32.185
154 32.167
155 32.2
156 32.153
157 32.153
158 32.427
159 32.176
160 32.172
161 32.167
162 32.183
163 32.2
164 32.173
165 32.186
166 32.182
167 32.176
168 32.161
169 32.137
170 32.195
171 32.169
172 32.409
173 32.196
174 32.175
175 32.178
176 32.166
177 32.175
178 32.157
179 32.161
180 32.167
181 32.145
182 32.165
183 32.176
184 32.2
185 32.16
186 32.149
187 32.178
188 32.171
189 32.154
190 32.163
191 32.166
192 32.177
193 32.187
194 32.191
195 32.172
196 32.184
197 32.146
198 32.185
199 32.149
200 32.165
201 32.161
202 32.175
203 32.17
204 32.185
205 32.442
206 32.181
207 32.201
208 32.165
209 32.165
210 32.22
211 32.209
212 32.157
213 32.173
214 32.136
215 32.172
216 32.155
217 32.176
218 32.185
219 32.183
220 32.163
221 32.148
222 32.162
223 32.542
224 32.167
225 32.161
226 32.139
227 32.169
228 32.162
229 32.168
230 32.17
231 32.171
232 32.144
233 32.188
234 32.206
235 32.188
236 32.176
237 32.184
238 32.201
239 32.168
240 32.17
241 32.165
242 32.171
243 32.176
244 32.163
245 32.171
246 32.179
247 32.205
248 32.197
249 32.169
250 32.195
251 32.149
252 32.199
253 32.165
254 32.168
255 32.164
256 32.352
257 32.337
258 32.201
259 32.255
260 32.166
261 32.169
262 32.155
263 32.166
264 34.59
265 32.159
266 32.172
267 32.176
268 32.17
269 32.153
270 32.744
271 32.154
272 32.249
273 32.166
274 32.164
275 32.145
276 32.191
277 32.154
278 32.164
279 32.175
280 32.156
281 32.189
282 32.149
283 32.152
284 32.162
285 32.157
286 32.156
287 32.195
288 32.17
289 32.192
290 32.644
291 34.25
292 32.158
293 32.164
294 32.164
295 32.163
296 32.181
297 32.14
298 32.181
299 32.155
300 32.15
 32
 32
 32
0.125/0.209/2.594/0.224 32
