1 30.1
2 30.2
3 30.2
4 30.1
5 30.1
6 30.2
7 30.1
8 30.1
9 30.1
10 30.1
11 30.2
12 30.1
13 30.1
14 30.2
15 30.1
16 30.9
17 30.2
18 30.1
19 30.1
20 31.6
21 Net
22 Net
23 Net
24 Net
26 90.6
27 90.3
28 90.3
29 90.7
30 90.3
31 90.2
32 91.1
33 90.4
34 91.5
35 90.3
36 90.2
37 90.3
38 90.2
39 93.0
40 92.9
41 90.2
42 90.3
43 90.4
44 90.2
45 90.2
46 90.4
47 91.9
48 90.2
49 90.8
50 90.2
51 90.2
52 90.7
53 90.2
54 90.2
55 90.8
56 90.2
57 90.2
58 90.3
59 90.2
60 90.2
61 90.2
62 90.2
63 90.2
64 90.2
65 90.2
66 90.2
67 90.2
68 90.2
69 90.2
70 90.2
71 90.2
72 90.2
73 30.6
74 30.2
75 30.1
76 30.1
77 30.1
78 30.1
79 30.1
80 30.1
81 30.1
82 30.1
83 30.1
84 30.1
85 30.1
86 30.1
87 30.1
88 30.2
89 30.1
90 30.3
91 30.1
92 30.1
93 30.1
94 30.1
95 30.1
96 30.1
97 30.2
98 30.1
99 30.1
100 30.1
101 30.1
102 30.1
103 30.1
104 30.3
105 30.1
106 30.2
107 30.1
108 30.1
109 30.2
110 30.1
111 30.1
112 30.6
113 30.1
114 30.1
115 30.1
116 30.1
117 30.1
118 30.1
119 30.1
120 30.1
121 30.3
122 30.1
123 30.2
124 30.1
125 30.2
127 90.5
128 90.2
150 36.7
151 30.2
152 30.2
153 30.2
154 30.1
155 30.1
156 30.1
157 30.1
158 30.2
159 35.0
160 30.1
161 30.2
162 30.1
163 30.1
164 30.1
165 30.1
166 30.1
167 30.6
168 30.1
169 30.1
170 30.1
171 30.1
172 30.1
173 30.1
174 30.1
175 30.1
176 30.1
177 30.1
178 30.1
179 30.1
180 30.1
181 31.3
182 30.1
183 30.1
184 30.1
185 30.1
186 30.1
187 30.1
188 30.1
189 30.1
190 30.1
191 30.1
192 30.1
193 30.1
194 30.2
195 30.1
196 30.1
197 30.1
198 30.1
199 30.1
200 30.1
201 30.1
202 30.1
203 30.1
204 30.1
205 30.2
206 30.1
207 30.1
208 30.1
209 30.2
210 31.0
211 30.2
212 30.2
213 30.2
214 30.2
215 30.1
216 30.1
217 30.1
218 30.2
219 30.2
220 30.7
221 30.2
222 30.1
223 30.2
224 30.1
225 30.2
226 30.1
227 30.2
228 30.1
229 30.2
230 30.2
231 30.1
232 30.2
233 30.1
234 31.1
235 30.2
236 30.1
237 30.2
238 30.2
239 30.3
240 30.4
241 30.2
242 30.2
243 30.2
244 30.1
245 30.1
246 30.2
247 30.1
248 30.2
249 30.1
250 30.2
251 30.2
252 30.2
253 30.2
254 30.1
255 31.2
256 30.1
257 30.2
258 30.2
259 30.2
260 30.3
261 30.1
262 30.2
263 30.2
264 30.1
265 30.2
266 30.1
267 30.1
268 30.1
269 30.3
270 30.1
271 30.2
272 30.1
273 30.1
274 30.2
275 30.1
276 30.1
277 30.1
278 30.1
279 30.1
280 30.1
281 30.1
282 30.1
283 30.1
284 30.1
285 30.1
286 30.1
287 30.5
288 30.1
289 30.1
290 30.1
291 30.1
292 30.1
293 30.1
294 30.1
295 30.1
296 30.1
297 30.1
298 30.1
299 30.1
300 30.6
 
 
 
30.152/41.097/93.055/23.129 
